TN:
SF:/Users/jirierhart/Documents/prace/Buddy/buddy/src/app.js
FN:23,(anonymous_0)
FN:25,(anonymous_1)
FN:31,(anonymous_2)
FN:41,(anonymous_3)
FN:47,(anonymous_4)
FN:53,fatal
FN:57,(anonymous_6)
FN:66,(anonymous_7)
FN:67,(anonymous_8)
FNF:9
FNH:4
FNDA:1,(anonymous_0)
FNDA:1,(anonymous_1)
FNDA:1,(anonymous_2)
FNDA:1,(anonymous_3)
FNDA:0,(anonymous_4)
FNDA:0,fatal
FNDA:0,(anonymous_6)
FNDA:0,(anonymous_7)
FNDA:0,(anonymous_8)
DA:1,1
DA:2,1
DA:3,1
DA:4,1
DA:5,1
DA:7,1
DA:8,1
DA:9,1
DA:10,1
DA:12,1
DA:15,1
DA:16,1
DA:17,1
DA:20,1
DA:23,1
DA:24,1
DA:25,1
DA:26,1
DA:31,1
DA:32,1
DA:33,0
DA:34,0
DA:37,1
DA:38,1
DA:40,1
DA:41,1
DA:42,1
DA:47,1
DA:50,1
DA:51,1
DA:54,0
DA:57,0
DA:58,0
DA:63,1
DA:64,0
DA:66,0
DA:67,0
DA:70,1
LF:38
LH:30
BRDA:32,0,0,0
BRDA:32,0,1,1
BRDA:63,1,0,0
BRDA:63,1,1,1
BRDA:63,2,0,1
BRDA:63,2,1,1
BRF:6
BRH:4
end_of_record
TN:
SF:/Users/jirierhart/Documents/prace/Buddy/buddy/src/common/enums.js
FN:17,enumize
FNF:1
FNH:1
FNDA:4,enumize
DA:1,1
DA:18,4
DA:19,4
DA:20,4
DA:21,61
DA:22,61
DA:23,61
DA:24,61
DA:25,61
DA:26,61
DA:29,4
DA:30,4
DA:31,4
DA:34,1
DA:40,1
DA:47,1
DA:53,1
LF:17
LH:17
BRDA:21,0,0,61
BRDA:21,0,1,0
BRF:2
BRH:1
end_of_record
TN:
SF:/Users/jirierhart/Documents/prace/Buddy/buddy/src/common/validation.js
FN:3,isLatinString
FN:9,numberInString
FN:26,containsSpecialCharacter
FN:63,allUppercase
FN:79,allLowercase
FNF:5
FNH:5
FNDA:281,isLatinString
FNDA:7,numberInString
FNDA:11,containsSpecialCharacter
FNDA:7,allUppercase
FNDA:8,allLowercase
DA:1,1
DA:4,281
DA:10,7
DA:12,7
DA:13,0
DA:16,7
DA:27,11
DA:28,11
DA:29,0
DA:32,11
DA:33,0
DA:41,11
DA:42,11
DA:43,5
DA:44,5
DA:45,5
DA:46,5
DA:47,5
DA:49,5
DA:60,6
DA:64,7
DA:65,7
DA:66,0
DA:69,7
DA:80,8
DA:81,8
DA:82,0
DA:85,8
DA:95,1
LF:29
LH:24
BRDA:4,0,0,275
BRDA:4,0,1,6
BRDA:4,1,0,281
BRDA:4,1,1,281
BRDA:4,1,2,6
BRDA:9,2,0,7
BRDA:9,3,0,7
BRDA:12,4,0,0
BRDA:12,4,1,7
BRDA:16,5,0,3
BRDA:16,5,1,4
BRDA:19,6,0,0
BRDA:19,6,1,3
BRDA:19,7,0,3
BRDA:19,7,1,0
BRDA:26,8,0,11
BRDA:26,9,0,11
BRDA:28,10,0,0
BRDA:28,10,1,11
BRDA:32,11,0,0
BRDA:32,11,1,11
BRDA:35,12,0,0
BRDA:35,12,1,0
BRDA:35,13,0,0
BRDA:35,13,1,0
BRDA:42,14,0,5
BRDA:42,14,1,6
BRDA:47,15,0,3
BRDA:47,15,1,2
BRDA:51,16,0,0
BRDA:51,16,1,5
BRDA:51,17,0,5
BRDA:51,17,1,0
BRDA:63,18,0,7
BRDA:63,19,0,7
BRDA:65,20,0,0
BRDA:65,20,1,7
BRDA:69,21,0,4
BRDA:69,21,1,3
BRDA:72,22,0,0
BRDA:72,22,1,4
BRDA:72,23,0,4
BRDA:72,23,1,0
BRDA:79,24,0,8
BRDA:79,25,0,8
BRDA:81,26,0,0
BRDA:81,26,1,8
BRDA:85,27,0,4
BRDA:85,27,1,4
BRDA:88,28,0,0
BRDA:88,28,1,4
BRDA:88,29,0,4
BRDA:88,29,1,0
BRF:53
BRH:36
end_of_record
TN:
SF:/Users/jirierhart/Documents/prace/Buddy/buddy/src/config/default.js
FN:5,(anonymous_0)
FNF:1
FNH:1
FNDA:1,(anonymous_0)
DA:3,1
DA:5,1
LF:2
LH:2
BRDA:10,0,0,1
BRDA:10,0,1,1
BRDA:11,1,0,1
BRDA:11,1,1,1
BRDA:12,2,0,1
BRDA:12,2,1,1
BRDA:13,3,0,1
BRDA:13,3,1,1
BRDA:36,4,0,1
BRDA:36,4,1,1
BRDA:63,5,0,1
BRDA:63,5,1,1
BRDA:74,6,0,1
BRDA:74,6,1,1
BRDA:75,7,0,1
BRDA:75,7,1,1
BRDA:78,8,0,1
BRDA:78,8,1,1
BRF:18
BRH:18
end_of_record
TN:
SF:/Users/jirierhart/Documents/prace/Buddy/buddy/src/config/index.js
FNF:0
FNH:0
DA:3,1
DA:7,1
DA:8,0
DA:11,1
DA:14,1
DA:15,1
DA:16,1
DA:19,1
DA:20,1
LF:9
LH:8
BRDA:3,0,0,1
BRDA:3,0,1,0
BRDA:7,1,0,0
BRDA:7,1,1,1
BRF:4
BRH:2
end_of_record
TN:
SF:/Users/jirierhart/Documents/prace/Buddy/buddy/src/config/env/test.js
FNF:0
FNH:0
DA:3,1
LF:1
LH:1
BRDA:16,0,0,1
BRDA:16,0,1,1
BRF:2
BRH:2
end_of_record
TN:
SF:/Users/jirierhart/Documents/prace/Buddy/buddy/src/database/index.js
FN:16,(anonymous_0)
FN:17,(anonymous_1)
FN:23,(anonymous_2)
FNF:3
FNH:3
FNDA:8,(anonymous_0)
FNDA:8,(anonymous_1)
FNDA:8,(anonymous_2)
DA:1,1
DA:2,1
DA:3,1
DA:4,1
DA:5,1
DA:6,1
DA:8,1
DA:10,1
DA:13,1
DA:14,1
DA:16,8
DA:18,8
DA:19,8
DA:23,1
DA:24,8
DA:25,3
DA:29,1
DA:30,1
DA:31,1
DA:33,1
LF:20
LH:20
BRDA:24,0,0,3
BRDA:24,0,1,5
BRF:2
BRH:2
end_of_record
TN:
SF:/Users/jirierhart/Documents/prace/Buddy/buddy/src/database/models/Address.js
FN:3,(anonymous_0)
FN:15,(anonymous_1)
FNF:2
FNH:2
FNDA:1,(anonymous_0)
FNDA:1,(anonymous_1)
DA:3,1
DA:4,1
DA:15,1
DA:16,1
DA:21,1
DA:28,1
LF:6
LH:6
BRF:0
BRH:0
end_of_record
TN:
SF:/Users/jirierhart/Documents/prace/Buddy/buddy/src/database/models/Admin.js
FN:3,(anonymous_0)
FNF:1
FNH:1
FNDA:1,(anonymous_0)
DA:3,1
DA:4,1
DA:13,1
LF:3
LH:3
BRF:0
BRH:0
end_of_record
TN:
SF:/Users/jirierhart/Documents/prace/Buddy/buddy/src/database/models/Gender.js
FN:1,(anonymous_0)
FNF:1
FNH:1
FNDA:1,(anonymous_0)
DA:1,1
DA:2,1
DA:8,1
LF:3
LH:3
BRF:0
BRH:0
end_of_record
TN:
SF:/Users/jirierhart/Documents/prace/Buddy/buddy/src/database/models/Hobby.js
FN:1,(anonymous_0)
FN:8,(anonymous_1)
FNF:2
FNH:2
FNDA:1,(anonymous_0)
FNDA:1,(anonymous_1)
DA:1,1
DA:2,1
DA:8,1
DA:9,1
DA:15,1
DA:20,1
DA:27,1
LF:7
LH:7
BRF:0
BRH:0
end_of_record
TN:
SF:/Users/jirierhart/Documents/prace/Buddy/buddy/src/database/models/RecordImportanceType.js
FN:1,(anonymous_0)
FNF:1
FNH:1
FNDA:1,(anonymous_0)
DA:1,1
DA:2,1
DA:8,1
LF:3
LH:3
BRF:0
BRH:0
end_of_record
TN:
SF:/Users/jirierhart/Documents/prace/Buddy/buddy/src/database/models/State.js
FN:3,(anonymous_0)
FNF:1
FNH:1
FNDA:1,(anonymous_0)
DA:3,1
DA:4,1
DA:12,1
LF:3
LH:3
BRF:0
BRH:0
end_of_record
TN:
SF:/Users/jirierhart/Documents/prace/Buddy/buddy/src/database/models/User.js
FN:3,(anonymous_0)
FN:30,(anonymous_1)
FNF:2
FNH:2
FNDA:1,(anonymous_0)
FNDA:1,(anonymous_1)
DA:3,1
DA:4,1
DA:30,1
DA:31,1
DA:38,1
DA:44,1
DA:50,1
DA:57,1
LF:8
LH:8
BRF:0
BRH:0
end_of_record
TN:
SF:/Users/jirierhart/Documents/prace/Buddy/buddy/src/database/models/WeeklyExcerciseFrequency.js
FN:1,(anonymous_0)
FNF:1
FNH:1
FNDA:1,(anonymous_0)
DA:1,1
DA:2,1
DA:8,1
LF:3
LH:3
BRF:0
BRH:0
end_of_record
TN:
SF:/Users/jirierhart/Documents/prace/Buddy/buddy/src/handlers/errors.js
FN:12,catchHandler
FN:13,(anonymous_1)
FN:21,handleNotFound
FN:25,handleErrors
FNF:4
FNH:1
FNDA:0,catchHandler
FNDA:0,(anonymous_1)
FNDA:0,handleNotFound
FNDA:3,handleErrors
DA:1,1
DA:2,1
DA:3,1
DA:4,1
DA:6,1
DA:13,0
DA:14,0
DA:15,0
DA:18,0
DA:22,0
DA:26,3
DA:27,3
DA:29,2
DA:32,2
DA:33,1
DA:37,1
DA:38,0
DA:39,0
DA:42,2
DA:43,2
DA:48,2
LF:21
LH:14
BRDA:14,0,0,0
BRDA:14,0,1,0
BRDA:32,1,0,1
BRDA:32,1,1,1
BRDA:37,2,0,0
BRDA:37,2,1,1
BRDA:46,3,0,0
BRDA:46,3,1,2
BRDA:46,4,0,2
BRDA:46,4,1,0
BRF:10
BRH:5
end_of_record
TN:
SF:/Users/jirierhart/Documents/prace/Buddy/buddy/src/handlers/passport.js
FN:11,authenticateTokenJWT
FN:23,authenticateUser
FN:24,(anonymous_2)
FN:35,authenticateAdmin
FN:36,(anonymous_4)
FN:49,parseAuthHeader
FNF:6
FNH:0
FNDA:0,authenticateTokenJWT
FNDA:0,authenticateUser
FNDA:0,(anonymous_2)
FNDA:0,authenticateAdmin
FNDA:0,(anonymous_4)
FNDA:0,parseAuthHeader
DA:1,1
DA:2,1
DA:3,1
DA:5,1
DA:12,0
DA:13,0
DA:15,0
DA:16,0
DA:18,0
DA:20,0
DA:24,0
DA:25,0
DA:26,0
DA:27,0
DA:28,0
DA:30,0
DA:31,0
DA:36,0
DA:37,0
DA:38,0
DA:39,0
DA:40,0
DA:42,0
DA:43,0
DA:44,0
DA:45,0
DA:50,0
DA:51,0
DA:52,0
DA:54,0
DA:55,0
LF:31
LH:4
BRDA:12,0,0,0
BRDA:12,0,1,0
BRDA:16,1,0,0
BRDA:16,1,1,0
BRDA:16,2,0,0
BRDA:16,2,1,0
BRDA:16,2,2,0
BRDA:16,2,3,0
BRDA:25,3,0,0
BRDA:25,3,1,0
BRDA:27,4,0,0
BRDA:27,4,1,0
BRDA:27,5,0,0
BRDA:27,5,1,0
BRDA:27,5,2,0
BRDA:37,6,0,0
BRDA:37,6,1,0
BRDA:39,7,0,0
BRDA:39,7,1,0
BRDA:39,8,0,0
BRDA:39,8,1,0
BRDA:39,8,2,0
BRDA:39,8,3,0
BRDA:51,9,0,0
BRDA:51,9,1,0
BRDA:51,10,0,0
BRDA:51,10,1,0
BRDA:55,11,0,0
BRDA:55,11,1,0
BRF:29
BRH:0
end_of_record
TN:
SF:/Users/jirierhart/Documents/prace/Buddy/buddy/src/handlers/responseParsers.js
FN:6,parseUser
FNF:1
FNH:1
FNDA:1,parseUser
DA:2,1
DA:7,1
DA:8,0
DA:10,1
DA:11,1
DA:12,1
DA:13,1
DA:14,1
DA:15,1
DA:17,1
DA:18,0
DA:19,0
DA:20,0
DA:23,1
LF:14
LH:10
BRDA:7,0,0,0
BRDA:7,0,1,1
BRDA:17,1,0,0
BRDA:17,1,1,1
BRF:4
BRH:2
end_of_record
TN:
SF:/Users/jirierhart/Documents/prace/Buddy/buddy/src/handlers/authenticated/users.js
FN:53,updatePasswordAuthenticated
FN:75,resendConfirmEmail
FNF:2
FNH:0
FNDA:0,updatePasswordAuthenticated
FNDA:0,resendConfirmEmail
DA:1,1
DA:3,1
DA:5,1
DA:6,1
DA:8,1
DA:54,0
DA:55,0
DA:62,0
DA:63,0
DA:65,0
DA:66,0
DA:68,0
DA:69,0
DA:71,0
DA:76,0
DA:77,0
DA:87,0
DA:88,0
DA:90,0
LF:19
LH:5
BRDA:62,0,0,0
BRDA:62,0,1,0
BRDA:65,1,0,0
BRDA:65,1,1,0
BRDA:68,2,0,0
BRDA:68,2,1,0
BRDA:87,3,0,0
BRDA:87,3,1,0
BRF:8
BRH:0
end_of_record
TN:
SF:/Users/jirierhart/Documents/prace/Buddy/buddy/src/handlers/public/hobbies.js
FN:9,getAll
FNF:1
FNH:0
FNDA:0,getAll
DA:1,1
DA:2,1
DA:3,1
DA:5,1
DA:10,0
DA:11,0
DA:18,0
DA:19,0
DA:21,0
LF:9
LH:4
BRDA:18,0,0,0
BRDA:18,0,1,0
BRDA:18,1,0,0
BRDA:18,1,1,0
BRF:4
BRH:0
end_of_record
TN:
SF:/Users/jirierhart/Documents/prace/Buddy/buddy/src/handlers/public/users.js
FN:20,adminLogin
FN:35,updatePassword
FN:56,resetPassword
FN:77,confirmEmail
FN:91,login
FN:109,signUp
FNF:6
FNH:1
FNDA:0,adminLogin
FNDA:0,updatePassword
FNDA:0,resetPassword
FNDA:0,confirmEmail
FNDA:0,login
FNDA:3,signUp
DA:1,1
DA:2,1
DA:3,1
DA:4,1
DA:5,1
DA:6,1
DA:7,1
DA:8,1
DA:9,1
DA:11,1
DA:21,0
DA:22,0
DA:28,0
DA:29,0
DA:31,0
DA:36,0
DA:37,0
DA:43,0
DA:44,0
DA:46,0
DA:47,0
DA:49,0
DA:50,0
DA:52,0
DA:57,0
DA:58,0
DA:64,0
DA:65,0
DA:67,0
DA:68,0
DA:70,0
DA:71,0
DA:73,0
DA:78,0
DA:79,0
DA:84,0
DA:85,0
DA:87,0
DA:92,0
DA:93,0
DA:99,0
DA:100,0
DA:102,0
DA:103,0
DA:105,0
DA:110,3
DA:111,3
DA:119,1
DA:120,1
DA:125,2
DA:126,1
DA:132,1
LF:52
LH:17
BRDA:28,0,0,0
BRDA:28,0,1,0
BRDA:28,1,0,0
BRDA:28,1,1,0
BRDA:43,2,0,0
BRDA:43,2,1,0
BRDA:46,3,0,0
BRDA:46,3,1,0
BRDA:49,4,0,0
BRDA:49,4,1,0
BRDA:64,5,0,0
BRDA:64,5,1,0
BRDA:67,6,0,0
BRDA:67,6,1,0
BRDA:70,7,0,0
BRDA:70,7,1,0
BRDA:84,8,0,0
BRDA:84,8,1,0
BRDA:99,9,0,0
BRDA:99,9,1,0
BRDA:102,10,0,0
BRDA:102,10,1,0
BRDA:102,11,0,0
BRDA:102,11,1,0
BRDA:125,12,0,1
BRDA:125,12,1,1
BRF:26
BRH:2
end_of_record
TN:
SF:/Users/jirierhart/Documents/prace/Buddy/buddy/src/repositories/admin.js
FN:10,findById
FN:18,findByUserName
FNF:2
FNH:0
FNDA:0,findById
FNDA:0,findByUserName
DA:1,1
DA:2,1
DA:3,1
DA:5,1
DA:11,0
DA:12,0
DA:13,0
DA:15,0
DA:19,0
DA:23,0
DA:24,0
DA:26,0
LF:12
LH:4
BRDA:12,0,0,0
BRDA:12,0,1,0
BRDA:23,1,0,0
BRDA:23,1,1,0
BRF:4
BRH:0
end_of_record
TN:
SF:/Users/jirierhart/Documents/prace/Buddy/buddy/src/repositories/hobby.js
FN:14,count
FN:18,findAll
FN:34,findById
FN:48,create
FN:63,update
FN:84,deleteHobby
FNF:6
FNH:0
FNDA:0,count
FNDA:0,findAll
FNDA:0,findById
FNDA:0,create
FNDA:0,update
FNDA:0,deleteHobby
DA:1,1
DA:2,1
DA:3,1
DA:5,1
DA:15,0
DA:19,0
DA:20,0
DA:21,0
DA:23,0
DA:24,0
DA:26,0
DA:31,0
DA:35,0
DA:36,0
DA:37,0
DA:39,0
DA:49,0
DA:53,0
DA:64,0
DA:65,0
DA:67,0
DA:72,0
DA:73,0
DA:75,0
DA:85,0
DA:86,0
DA:88,0
DA:92,0
DA:93,0
DA:95,0
LF:30
LH:4
BRDA:18,0,0,0
BRDA:20,1,0,0
BRDA:20,1,1,0
BRDA:23,2,0,0
BRDA:23,2,1,0
BRDA:36,3,0,0
BRDA:36,3,1,0
BRDA:64,4,0,0
BRDA:64,4,1,0
BRDA:72,5,0,0
BRDA:72,5,1,0
BRDA:85,6,0,0
BRDA:85,6,1,0
BRDA:92,7,0,0
BRDA:92,7,1,0
BRF:15
BRH:0
end_of_record
TN:
SF:/Users/jirierhart/Documents/prace/Buddy/buddy/src/repositories/repositoryParsers.js
FN:10,parseHobby
FN:24,parseHobbies
FN:28,parseAdmin
FN:40,parseUser
FNF:4
FNH:1
FNDA:0,parseHobby
FNDA:0,parseHobbies
FNDA:0,parseAdmin
FNDA:3,parseUser
DA:1,1
DA:3,1
DA:11,0
DA:12,0
DA:14,0
DA:15,0
DA:16,0
DA:17,0
DA:18,0
DA:19,0
DA:20,0
DA:21,0
DA:25,0
DA:29,0
DA:30,0
DA:32,0
DA:33,0
DA:34,0
DA:35,0
DA:36,0
DA:37,0
DA:41,3
DA:42,1
DA:44,2
DA:45,2
DA:46,2
DA:47,2
DA:48,2
DA:49,2
DA:50,2
DA:51,2
DA:52,2
DA:53,2
DA:55,2
DA:56,2
DA:57,2
DA:58,2
DA:59,2
DA:60,2
LF:39
LH:20
BRDA:11,0,0,0
BRDA:11,0,1,0
BRDA:25,1,0,0
BRDA:25,1,1,0
BRDA:29,2,0,0
BRDA:29,2,1,0
BRDA:41,3,0,1
BRDA:41,3,1,2
BRDA:57,4,0,2
BRDA:57,4,1,0
BRF:10
BRH:3
end_of_record
TN:
SF:/Users/jirierhart/Documents/prace/Buddy/buddy/src/repositories/user.js
FN:16,create
FN:21,count
FN:25,findByEmail
FN:37,findById
FN:53,findByIdAndAccessToken
FN:74,getPersonalInfo
FN:90,findByToken
FN:109,update
FN:125,findAllWithFilter
FN:151,changeEmail
FNF:10
FNH:2
FNDA:1,create
FNDA:0,count
FNDA:2,findByEmail
FNDA:0,findById
FNDA:0,findByIdAndAccessToken
FNDA:0,getPersonalInfo
FNDA:0,findByToken
FNDA:0,update
FNDA:0,findAllWithFilter
FNDA:0,changeEmail
DA:1,1
DA:2,1
DA:3,1
DA:5,1
DA:6,1
DA:7,1
DA:8,1
DA:9,1
DA:10,1
DA:11,1
DA:12,1
DA:13,1
DA:14,1
DA:17,1
DA:18,1
DA:22,0
DA:26,2
DA:34,2
DA:38,0
DA:39,0
DA:40,0
DA:46,0
DA:47,0
DA:48,0
DA:50,0
DA:54,0
DA:55,0
DA:57,0
DA:68,0
DA:69,0
DA:71,0
DA:75,0
DA:84,0
DA:85,0
DA:87,0
DA:91,0
DA:95,0
DA:96,0
DA:97,0
DA:98,0
DA:100,0
DA:102,0
DA:103,0
DA:104,0
DA:106,0
DA:110,0
DA:111,0
DA:113,0
DA:118,0
DA:119,0
DA:121,0
DA:122,0
DA:126,0
DA:132,0
DA:133,0
DA:134,0
DA:136,0
DA:137,0
DA:139,0
DA:140,0
DA:142,0
DA:143,0
DA:145,0
DA:147,0
DA:148,0
DA:152,0
DA:157,0
LF:67
LH:17
BRDA:37,0,0,0
BRDA:39,1,0,0
BRDA:39,1,1,0
BRDA:47,2,0,0
BRDA:47,2,1,0
BRDA:54,3,0,0
BRDA:54,3,1,0
BRDA:54,4,0,0
BRDA:54,4,1,0
BRDA:54,4,2,0
BRDA:68,5,0,0
BRDA:68,5,1,0
BRDA:84,6,0,0
BRDA:84,6,1,0
BRDA:95,7,0,0
BRDA:95,7,1,0
BRDA:95,8,0,0
BRDA:95,8,1,0
BRDA:97,9,0,0
BRDA:97,9,1,0
BRDA:97,10,0,0
BRDA:97,10,1,0
BRDA:103,11,0,0
BRDA:103,11,1,0
BRDA:110,12,0,0
BRDA:110,12,1,0
BRDA:110,13,0,0
BRDA:110,13,1,0
BRDA:118,14,0,0
BRDA:118,14,1,0
BRDA:133,15,0,0
BRDA:133,15,1,0
BRDA:136,16,0,0
BRDA:136,16,1,0
BRDA:139,17,0,0
BRDA:139,17,1,0
BRDA:142,18,0,0
BRDA:142,18,1,0
BRF:38
BRH:0
end_of_record
TN:
SF:/Users/jirierhart/Documents/prace/Buddy/buddy/src/routes/admin.js
FNF:0
FNH:0
DA:1,1
DA:4,1
DA:91,1
LF:3
LH:3
BRF:0
BRH:0
end_of_record
TN:
SF:/Users/jirierhart/Documents/prace/Buddy/buddy/src/routes/authenticated.js
FNF:0
FNH:0
DA:1,1
DA:2,1
DA:4,1
DA:45,1
DA:82,1
DA:100,1
LF:6
LH:6
BRF:0
BRH:0
end_of_record
TN:
SF:/Users/jirierhart/Documents/prace/Buddy/buddy/src/routes/documentation.js
FNF:0
FNH:0
DA:1,1
DA:2,1
DA:3,1
DA:4,1
DA:6,1
LF:5
LH:5
BRF:0
BRH:0
end_of_record
TN:
SF:/Users/jirierhart/Documents/prace/Buddy/buddy/src/routes/index.js
FN:16,(anonymous_0)
FNF:1
FNH:0
FNDA:0,(anonymous_0)
DA:1,1
DA:2,1
DA:3,1
DA:4,1
DA:5,1
DA:6,1
DA:7,1
DA:8,1
DA:9,1
DA:11,1
DA:12,1
DA:15,1
DA:16,0
DA:17,0
DA:18,0
DA:20,0
DA:25,1
DA:26,1
DA:27,1
DA:28,1
DA:31,1
DA:32,1
DA:34,1
DA:35,1
DA:38,1
DA:39,1
LF:26
LH:22
BRDA:15,0,0,0
BRDA:15,0,1,1
BRDA:17,1,0,0
BRDA:17,1,1,0
BRDA:34,2,0,1
BRDA:34,2,1,0
BRF:6
BRH:2
end_of_record
TN:
SF:/Users/jirierhart/Documents/prace/Buddy/buddy/src/routes/public.js
FNF:0
FNH:0
DA:1,1
DA:2,1
DA:3,1
DA:7,1
DA:39,1
DA:59,1
DA:85,1
DA:103,1
DA:117,1
DA:133,1
DA:150,1
DA:152,1
LF:12
LH:12
BRF:0
BRH:0
end_of_record
TN:
SF:/Users/jirierhart/Documents/prace/Buddy/buddy/src/services/AbstractService.js
FN:17,(anonymous_0)
FN:21,(anonymous_1)
FN:59,(anonymous_2)
FN:63,(anonymous_3)
FN:68,prepareInput
FN:70,trim
FN:79,removeSensitiveAttributes
FN:85,exclude
FN:86,(anonymous_8)
FNF:9
FNH:9
FNDA:8,(anonymous_0)
FNDA:8,(anonymous_1)
FNDA:20,(anonymous_2)
FNDA:2,(anonymous_3)
FNDA:8,prepareInput
FNDA:16,trim
FNDA:8,removeSensitiveAttributes
FNDA:16,exclude
FNDA:16,(anonymous_8)
DA:1,1
DA:2,1
DA:3,1
DA:4,1
DA:5,1
DA:6,1
DA:7,1
DA:10,1
DA:11,0
DA:14,1
DA:16,1
DA:18,8
DA:22,8
DA:23,8
DA:24,8
DA:25,8
DA:26,8
DA:27,8
DA:28,8
DA:29,8
DA:30,8
DA:31,8
DA:32,8
DA:33,4
DA:34,4
DA:36,4
DA:38,0
DA:41,4
DA:42,0
DA:44,4
DA:45,2
DA:46,2
DA:49,6
DA:50,0
DA:53,6
DA:55,6
DA:60,20
DA:64,2
DA:69,8
DA:71,16
DA:72,8
DA:73,8
DA:76,8
DA:80,8
DA:81,0
DA:83,8
DA:84,8
DA:86,16
DA:87,0
DA:90,8
LF:50
LH:44
BRDA:10,0,0,0
BRDA:10,0,1,1
BRDA:27,1,0,8
BRDA:27,1,1,0
BRDA:27,2,0,8
BRDA:27,2,1,8
BRDA:29,3,0,8
BRDA:29,3,1,0
BRDA:32,4,0,4
BRDA:32,4,1,4
BRDA:41,5,0,0
BRDA:41,5,1,4
BRDA:41,6,0,4
BRDA:41,6,1,4
BRDA:49,7,0,0
BRDA:49,7,1,6
BRDA:49,8,0,6
BRDA:49,8,1,2
BRDA:53,9,0,5
BRDA:53,9,1,1
BRDA:71,10,0,8
BRDA:71,10,1,8
BRDA:73,11,0,8
BRDA:73,11,1,2
BRDA:80,12,0,0
BRDA:80,12,1,8
BRDA:80,13,0,8
BRDA:80,13,1,8
BRDA:80,13,2,8
BRDA:86,14,0,0
BRDA:86,14,1,16
BRF:31
BRH:24
end_of_record
TN:
SF:/Users/jirierhart/Documents/prace/Buddy/buddy/src/services/TransactionalService.js
FN:7,(anonymous_0)
FN:17,(anonymous_1)
FN:26,(anonymous_2)
FN:32,(anonymous_3)
FN:37,(anonymous_4)
FN:46,(anonymous_5)
FN:55,(anonymous_6)
FN:63,(anonymous_7)
FN:69,(anonymous_8)
FN:76,(anonymous_9)
FN:78,(anonymous_10)
FNF:11
FNH:10
FNDA:4,(anonymous_0)
FNDA:4,(anonymous_1)
FNDA:0,(anonymous_2)
FNDA:4,(anonymous_3)
FNDA:1,(anonymous_4)
FNDA:3,(anonymous_5)
FNDA:2,(anonymous_6)
FNDA:2,(anonymous_7)
FNDA:1,(anonymous_8)
FNDA:1,(anonymous_9)
FNDA:1,(anonymous_10)
DA:1,1
DA:2,1
DA:3,1
DA:4,1
DA:6,1
DA:8,4
DA:9,4
DA:10,0
DA:12,4
DA:13,4
DA:18,4
DA:19,4
DA:21,3
DA:22,3
DA:27,0
DA:28,0
DA:29,0
DA:33,4
DA:34,4
DA:38,1
DA:39,1
DA:40,1
DA:41,1
DA:43,0
DA:47,3
DA:48,1
DA:49,1
DA:50,1
DA:52,2
DA:56,2
DA:57,0
DA:58,0
DA:60,2
DA:61,2
DA:62,2
DA:64,2
DA:65,2
DA:70,1
DA:71,1
DA:73,0
DA:77,1
DA:78,1
LF:42
LH:34
BRDA:9,0,0,0
BRDA:9,0,1,4
BRDA:9,1,0,4
BRDA:9,1,1,4
BRDA:9,1,2,0
BRDA:38,2,0,1
BRDA:38,2,1,0
BRDA:38,3,0,1
BRDA:38,3,1,1
BRDA:47,4,0,1
BRDA:47,4,1,2
BRDA:47,5,0,3
BRDA:47,5,1,1
BRDA:56,6,0,0
BRDA:56,6,1,2
BRDA:70,7,0,1
BRDA:70,7,1,0
BRF:17
BRH:12
end_of_record
TN:
SF:/Users/jirierhart/Documents/prace/Buddy/buddy/src/services/VerifyTokenPayload.js
FN:11,(anonymous_0)
FN:27,(anonymous_1)
FN:30,(anonymous_2)
FN:33,(anonymous_3)
FN:39,(anonymous_4)
FN:62,parseResponse
FNF:6
FNH:0
FNDA:0,(anonymous_0)
FNDA:0,(anonymous_1)
FNDA:0,(anonymous_2)
FNDA:0,(anonymous_3)
FNDA:0,(anonymous_4)
FNDA:0,parseResponse
DA:1,1
DA:2,1
DA:3,1
DA:4,1
DA:5,1
DA:6,1
DA:8,1
DA:10,1
DA:12,0
DA:28,0
DA:30,0
DA:34,0
DA:40,0
DA:42,0
DA:43,0
DA:46,0
DA:47,0
DA:49,0
DA:50,0
DA:53,0
DA:54,0
DA:56,0
DA:58,0
DA:67,0
DA:68,0
DA:69,0
DA:70,0
DA:71,0
DA:73,0
LF:29
LH:8
BRDA:34,0,0,0
BRDA:34,0,1,0
BRDA:40,1,0,0
BRDA:40,1,1,0
BRDA:46,2,0,0
BRDA:46,2,1,0
BRDA:49,3,0,0
BRDA:49,3,1,0
BRDA:49,4,0,0
BRDA:49,4,1,0
BRDA:49,4,2,0
BRDA:53,5,0,0
BRDA:53,5,1,0
BRDA:53,6,0,0
BRDA:53,6,1,0
BRDA:53,6,2,0
BRDA:67,7,0,0
BRDA:67,7,1,0
BRDA:68,8,0,0
BRDA:68,8,1,0
BRDA:69,9,0,0
BRDA:69,9,1,0
BRDA:74,10,0,0
BRDA:74,10,1,0
BRDA:75,11,0,0
BRDA:75,11,1,0
BRF:26
BRH:0
end_of_record
TN:
SF:/Users/jirierhart/Documents/prace/Buddy/buddy/src/services/admin/Login.js
FN:7,(anonymous_0)
FN:17,(anonymous_1)
FNF:2
FNH:0
FNDA:0,(anonymous_0)
FNDA:0,(anonymous_1)
DA:1,1
DA:2,1
DA:3,1
DA:4,1
DA:6,1
DA:8,0
DA:18,0
DA:19,0
DA:21,0
DA:22,0
DA:25,0
DA:26,0
LF:12
LH:5
BRDA:21,0,0,0
BRDA:21,0,1,0
BRDA:21,1,0,0
BRDA:21,1,1,0
BRF:4
BRH:0
end_of_record
TN:
SF:/Users/jirierhart/Documents/prace/Buddy/buddy/src/services/hobbies/GetAll.js
FN:6,(anonymous_0)
FN:17,(anonymous_1)
FNF:2
FNH:0
FNDA:0,(anonymous_0)
FNDA:0,(anonymous_1)
DA:1,1
DA:2,1
DA:3,1
DA:5,1
DA:7,0
DA:18,0
LF:6
LH:4
BRDA:19,0,0,0
BRDA:19,0,1,0
BRDA:20,1,0,0
BRDA:20,1,1,0
BRDA:21,2,0,0
BRDA:21,2,1,0
BRF:6
BRH:0
end_of_record
TN:
SF:/Users/jirierhart/Documents/prace/Buddy/buddy/src/services/user/ConfirmEmail.js
FN:6,(anonymous_0)
FN:15,(anonymous_1)
FNF:2
FNH:0
FNDA:0,(anonymous_0)
FNDA:0,(anonymous_1)
DA:1,1
DA:2,1
DA:3,1
DA:5,1
DA:7,0
DA:16,0
DA:17,0
DA:18,0
DA:23,0
DA:24,0
DA:25,0
DA:26,0
LF:12
LH:4
BRF:0
BRH:0
end_of_record
TN:
SF:/Users/jirierhart/Documents/prace/Buddy/buddy/src/services/user/Login.js
FN:8,(anonymous_0)
FN:18,(anonymous_1)
FNF:2
FNH:0
FNDA:0,(anonymous_0)
FNDA:0,(anonymous_1)
DA:1,1
DA:2,1
DA:3,1
DA:4,1
DA:5,1
DA:7,1
DA:9,0
DA:19,0
DA:20,0
DA:21,0
DA:23,0
DA:24,0
DA:26,0
DA:27,0
DA:28,0
DA:30,0
DA:31,0
DA:32,0
LF:18
LH:6
BRDA:20,0,0,0
BRDA:20,0,1,0
BRDA:23,1,0,0
BRDA:23,1,1,0
BRDA:27,2,0,0
BRDA:27,2,1,0
BRF:6
BRH:0
end_of_record
TN:
SF:/Users/jirierhart/Documents/prace/Buddy/buddy/src/services/user/ResendConfirmEmail.js
FN:8,(anonymous_0)
FN:27,(anonymous_1)
FN:37,(anonymous_2)
FNF:3
FNH:0
FNDA:0,(anonymous_0)
FNDA:0,(anonymous_1)
FNDA:0,(anonymous_2)
DA:1,1
DA:2,1
DA:3,1
DA:4,1
DA:5,1
DA:7,1
DA:9,0
DA:28,0
DA:29,0
DA:30,0
DA:31,0
DA:32,0
DA:34,0
DA:38,0
DA:39,0
DA:41,0
DA:42,0
DA:43,0
DA:45,0
DA:50,0
LF:20
LH:6
BRDA:30,0,0,0
BRDA:30,0,1,0
BRDA:38,1,0,0
BRDA:38,1,1,0
BRDA:41,2,0,0
BRDA:41,2,1,0
BRF:6
BRH:0
end_of_record
TN:
SF:/Users/jirierhart/Documents/prace/Buddy/buddy/src/services/user/ResetPassword.js
FN:9,(anonymous_0)
FN:23,(anonymous_1)
FN:42,(anonymous_2)
FNF:3
FNH:0
FNDA:0,(anonymous_0)
FNDA:0,(anonymous_1)
FNDA:0,(anonymous_2)
DA:1,1
DA:2,1
DA:3,1
DA:4,1
DA:5,1
DA:6,1
DA:8,1
DA:10,0
DA:24,0
DA:25,0
DA:26,0
DA:28,0
DA:29,0
DA:30,0
DA:31,0
DA:33,0
DA:34,0
DA:39,0
DA:43,0
DA:44,0
DA:45,0
DA:46,0
DA:48,0
DA:50,0
DA:51,0
LF:25
LH:7
BRDA:25,0,0,0
BRDA:25,0,1,0
BRDA:30,1,0,0
BRDA:30,1,1,0
BRDA:43,2,0,0
BRDA:43,2,1,0
BRDA:45,3,0,0
BRDA:45,3,1,0
BRF:8
BRH:0
end_of_record
TN:
SF:/Users/jirierhart/Documents/prace/Buddy/buddy/src/services/user/SignUp.js
FN:11,(anonymous_0)
FN:26,(anonymous_1)
FN:46,parseUserFromRequest
FNF:3
FNH:3
FNDA:3,(anonymous_0)
FNDA:2,(anonymous_1)
FNDA:2,parseUserFromRequest
DA:1,1
DA:2,1
DA:3,1
DA:4,1
DA:5,1
DA:6,1
DA:7,1
DA:8,1
DA:10,1
DA:12,3
DA:27,2
DA:28,2
DA:29,2
DA:30,2
DA:31,1
DA:33,1
DA:34,1
DA:35,1
DA:36,1
DA:41,1
DA:42,1
DA:47,2
LF:22
LH:22
BRDA:30,0,0,1
BRDA:30,0,1,1
BRF:2
BRH:2
end_of_record
TN:
SF:/Users/jirierhart/Documents/prace/Buddy/buddy/src/services/user/UpdatePassword.js
FN:9,(anonymous_0)
FN:19,(anonymous_1)
FNF:2
FNH:0
FNDA:0,(anonymous_0)
FNDA:0,(anonymous_1)
DA:1,1
DA:2,1
DA:3,1
DA:4,1
DA:5,1
DA:6,1
DA:8,1
DA:10,0
DA:20,0
DA:21,0
DA:22,0
DA:23,0
DA:25,0
DA:26,0
DA:28,0
DA:33,0
DA:37,0
LF:17
LH:7
BRDA:22,0,0,0
BRDA:22,0,1,0
BRDA:25,1,0,0
BRDA:25,1,1,0
BRDA:25,2,0,0
BRDA:25,2,1,0
BRDA:25,2,2,0
BRDA:25,2,3,0
BRF:8
BRH:0
end_of_record
TN:
SF:/Users/jirierhart/Documents/prace/Buddy/buddy/src/services/user/UpdatePasswordAuthenticated.js
FN:9,(anonymous_0)
FN:20,(anonymous_1)
FNF:2
FNH:0
FNDA:0,(anonymous_0)
FNDA:0,(anonymous_1)
DA:1,1
DA:2,1
DA:3,1
DA:4,1
DA:5,1
DA:6,1
DA:8,1
DA:10,0
DA:21,0
DA:22,0
DA:23,0
DA:24,0
DA:26,0
DA:27,0
DA:28,0
DA:30,0
DA:35,0
DA:39,0
DA:40,0
LF:19
LH:7
BRDA:23,0,0,0
BRDA:23,0,1,0
BRDA:23,1,0,0
BRDA:23,1,1,0
BRDA:27,2,0,0
BRDA:27,2,1,0
BRF:6
BRH:0
end_of_record
TN:
SF:/Users/jirierhart/Documents/prace/Buddy/buddy/src/utils/authorize.js
FN:6,(anonymous_0)
FNF:1
FNH:0
FNDA:0,(anonymous_0)
DA:1,1
DA:2,1
DA:3,1
DA:4,1
DA:6,1
DA:7,0
DA:8,0
DA:9,0
DA:11,0
DA:12,0
DA:19,0
DA:20,0
DA:21,0
DA:23,0
DA:25,0
DA:26,0
DA:28,0
DA:29,0
DA:34,0
DA:35,0
DA:37,0
LF:21
LH:5
BRDA:8,0,0,0
BRDA:8,0,1,0
BRDA:8,1,0,0
BRDA:8,1,1,0
BRDA:8,1,2,0
BRDA:15,2,0,0
BRDA:15,2,1,0
BRDA:16,3,0,0
BRDA:16,3,1,0
BRDA:19,4,0,0
BRDA:19,4,1,0
BRDA:19,5,0,0
BRDA:19,5,1,0
BRDA:19,5,2,0
BRDA:25,6,0,0
BRDA:25,6,1,0
BRDA:28,7,0,0
BRDA:28,7,1,0
BRDA:34,8,0,0
BRDA:34,8,1,0
BRF:20
BRH:0
end_of_record
TN:
SF:/Users/jirierhart/Documents/prace/Buddy/buddy/src/utils/crypto.js
FN:35,(anonymous_0)
FN:42,(anonymous_1)
FN:55,pepperify
FNF:3
FNH:2
FNDA:0,(anonymous_0)
FNDA:1,(anonymous_1)
FNDA:2,pepperify
DA:1,1
DA:2,1
DA:3,1
DA:4,1
DA:5,1
DA:7,1
DA:9,1
DA:12,1
DA:13,1
DA:17,0
DA:18,0
DA:22,0
DA:23,0
DA:27,2
DA:31,0
DA:35,0
DA:36,0
DA:38,0
DA:42,1
DA:43,1
DA:45,1
DA:56,2
LF:22
LH:14
BRF:0
BRH:0
end_of_record
TN:
SF:/Users/jirierhart/Documents/prace/Buddy/buddy/src/utils/logger.js
FN:24,CustomStream
FN:25,write
FN:39,getStreamsByEnvironment
FNF:3
FNH:3
FNDA:3,CustomStream
FNDA:42,write
FNDA:3,getStreamsByEnvironment
DA:3,1
DA:4,1
DA:5,1
DA:7,1
DA:9,1
DA:14,1
DA:19,1
DA:25,1
DA:26,42
DA:28,0
DA:29,0
DA:30,42
DA:32,34
DA:33,8
DA:35,8
DA:40,3
DA:41,3
DA:42,3
DA:49,3
DA:52,1
LF:20
LH:18
BRDA:7,0,0,1
BRDA:7,0,1,0
BRDA:26,1,0,0
BRDA:26,1,1,42
BRDA:26,2,0,42
BRDA:26,2,1,0
BRDA:30,3,0,34
BRDA:30,3,1,8
BRDA:33,4,0,8
BRDA:33,4,1,0
BRDA:41,5,0,3
BRDA:41,5,1,0
BRF:12
BRH:7
end_of_record
TN:
SF:/Users/jirierhart/Documents/prace/Buddy/buddy/src/utils/time.js
FN:7,dateToISO
FNF:1
FNH:0
FNDA:0,dateToISO
DA:1,1
DA:3,1
DA:8,0
LF:3
LH:2
BRF:0
BRH:0
end_of_record
TN:
SF:/Users/jirierhart/Documents/prace/Buddy/buddy/src/utils/validators.js
FN:8,(anonymous_0)
FN:9,NAME
FN:22,emailValidator
FN:35,passwordValidator
FN:45,advancePasswordValidation
FN:80,validate
FN:87,formatName
FN:93,(anonymous_7)
FN:98,parseDob
FN:108,validateName
FN:120,emailValidatorNullAble
FN:128,validateLatinString
FNF:12
FNH:4
FNDA:2,(anonymous_0)
FNDA:0,NAME
FNDA:3,emailValidator
FNDA:0,passwordValidator
FNDA:0,advancePasswordValidation
FNDA:10,validate
FNDA:0,formatName
FNDA:0,(anonymous_7)
FNDA:0,parseDob
FNDA:0,validateName
FNDA:0,emailValidatorNullAble
FNDA:2,validateLatinString
DA:1,1
DA:2,1
DA:3,1
DA:4,1
DA:5,1
DA:8,2
DA:9,1
DA:10,0
DA:11,0
DA:12,0
DA:13,0
DA:23,3
DA:24,0
DA:26,3
DA:27,3
DA:29,3
DA:30,3
DA:31,3
DA:32,3
DA:36,0
DA:37,0
DA:39,0
DA:40,0
DA:41,0
DA:42,0
DA:46,0
DA:47,0
DA:48,0
DA:49,0
DA:51,0
DA:55,0
DA:59,1
DA:67,1
DA:74,1
DA:81,10
DA:82,10
DA:83,10
DA:84,10
DA:88,0
DA:89,0
DA:91,0
DA:92,0
DA:93,0
DA:95,0
DA:99,0
DA:100,0
DA:102,0
DA:103,0
DA:105,0
DA:109,0
DA:110,0
DA:112,0
DA:113,0
DA:115,0
DA:116,0
DA:117,0
DA:121,0
DA:122,0
DA:124,0
DA:125,0
DA:129,2
DA:130,2
DA:131,1
DA:133,1
DA:136,1
LF:65
LH:26
BRDA:13,0,0,0
BRDA:13,0,1,0
BRDA:13,0,2,0
BRDA:23,1,0,0
BRDA:23,1,1,3
BRDA:26,2,0,3
BRDA:26,2,1,0
BRDA:36,3,0,0
BRDA:36,3,1,0
BRDA:51,4,0,0
BRDA:51,4,1,0
BRDA:51,5,0,0
BRDA:51,5,1,0
BRDA:51,5,2,0
BRDA:51,6,0,0
BRDA:51,6,1,0
BRDA:52,7,0,0
BRDA:52,7,1,0
BRDA:88,8,0,0
BRDA:88,8,1,0
BRDA:92,9,0,0
BRDA:92,9,1,0
BRDA:92,10,0,0
BRDA:92,10,1,0
BRDA:99,11,0,0
BRDA:99,11,1,0
BRDA:102,12,0,0
BRDA:102,12,1,0
BRDA:109,13,0,0
BRDA:109,13,1,0
BRDA:112,14,0,0
BRDA:112,14,1,0
BRDA:121,15,0,0
BRDA:121,15,1,0
BRDA:130,16,0,1
BRDA:130,16,1,1
BRF:36
BRH:4
end_of_record
TN:
SF:/Users/jirierhart/Documents/prace/Buddy/buddy/src/utils/email/mailer.js
FN:14,sendResetPasswordEmail
FN:27,sendInviteEmail
FN:40,sendChangePasswordEmail
FNF:3
FNH:1
FNDA:0,sendResetPasswordEmail
FNDA:1,sendInviteEmail
FNDA:0,sendChangePasswordEmail
DA:3,1
DA:4,1
DA:6,1
DA:8,1
DA:15,0
DA:16,0
DA:18,0
DA:24,0
DA:28,1
DA:29,0
DA:31,1
DA:37,1
DA:41,0
DA:42,0
DA:44,0
DA:50,0
LF:16
LH:7
BRDA:15,0,0,0
BRDA:15,0,1,0
BRDA:15,1,0,0
BRDA:15,1,1,0
BRDA:15,1,2,0
BRDA:15,1,3,0
BRDA:28,2,0,0
BRDA:28,2,1,1
BRDA:28,3,0,1
BRDA:28,3,1,1
BRDA:28,3,2,1
BRDA:28,3,3,1
BRDA:41,4,0,0
BRDA:41,4,1,0
BRDA:41,5,0,0
BRDA:41,5,1,0
BRDA:41,5,2,0
BRF:17
BRH:5
end_of_record
TN:
SF:/Users/jirierhart/Documents/prace/Buddy/buddy/src/utils/errors/application.js
FN:4,(anonymous_0)
FN:23,(anonymous_1)
FN:31,(anonymous_2)
FN:38,(anonymous_3)
FN:44,(anonymous_4)
FN:52,(anonymous_5)
FN:58,(anonymous_6)
FN:64,(anonymous_7)
FN:70,(anonymous_8)
FN:76,(anonymous_9)
FN:82,(anonymous_10)
FN:88,(anonymous_11)
FN:94,(anonymous_12)
FN:100,(anonymous_13)
FNF:14
FNH:3
FNDA:6,(anonymous_0)
FNDA:5,(anonymous_1)
FNDA:0,(anonymous_2)
FNDA:0,(anonymous_3)
FNDA:1,(anonymous_4)
FNDA:0,(anonymous_5)
FNDA:0,(anonymous_6)
FNDA:0,(anonymous_7)
FNDA:0,(anonymous_8)
FNDA:0,(anonymous_9)
FNDA:0,(anonymous_10)
FNDA:0,(anonymous_11)
FNDA:0,(anonymous_12)
FNDA:0,(anonymous_13)
DA:1,1
DA:5,6
DA:6,6
DA:7,6
DA:8,6
DA:9,6
DA:10,6
DA:11,6
DA:24,5
DA:25,5
DA:26,5
DA:32,0
DA:33,0
DA:39,0
DA:45,1
DA:46,1
DA:47,1
DA:53,0
DA:59,0
DA:65,0
DA:71,0
DA:77,0
DA:83,0
DA:89,0
DA:95,0
DA:101,0
DA:102,0
DA:103,0
DA:105,0
DA:110,1
LF:30
LH:15
BRDA:4,0,0,1
BRDA:10,1,0,6
BRDA:10,1,1,0
BRDA:16,2,0,6
BRDA:16,2,1,0
BRDA:16,3,0,6
BRDA:16,3,1,6
BRDA:102,4,0,0
BRDA:102,4,1,0
BRF:9
BRH:5
end_of_record
TN:
SF:/Users/jirierhart/Documents/prace/Buddy/buddy/src/utils/errors/response.js
FN:6,(anonymous_0)
FN:35,(anonymous_1)
FN:51,(anonymous_2)
FN:57,(anonymous_3)
FN:73,(anonymous_4)
FN:89,(anonymous_5)
FN:105,(anonymous_6)
FN:121,(anonymous_7)
FN:137,(anonymous_8)
FNF:9
FNH:3
FNDA:2,(anonymous_0)
FNDA:1,(anonymous_1)
FNDA:0,(anonymous_2)
FNDA:0,(anonymous_3)
FNDA:0,(anonymous_4)
FNDA:0,(anonymous_5)
FNDA:1,(anonymous_6)
FNDA:0,(anonymous_7)
FNDA:0,(anonymous_8)
DA:3,1
DA:7,2
DA:8,2
DA:9,2
DA:10,2
DA:11,2
DA:12,2
DA:13,2
DA:36,1
DA:52,0
DA:58,0
DA:74,0
DA:90,0
DA:106,1
DA:122,0
DA:138,0
DA:142,1
LF:17
LH:11
BRDA:36,0,0,1
BRDA:36,0,1,1
BRDA:52,1,0,0
BRDA:52,1,1,0
BRDA:58,2,0,0
BRDA:58,2,1,0
BRDA:74,3,0,0
BRDA:74,3,1,0
BRDA:90,4,0,0
BRDA:90,4,1,0
BRDA:106,5,0,1
BRDA:106,5,1,0
BRDA:122,6,0,0
BRDA:122,6,1,0
BRDA:138,7,0,0
BRDA:138,7,1,0
BRF:16
BRH:3
end_of_record
TN:
SF:/Users/jirierhart/Documents/prace/Buddy/buddy/tests/init.spec.js
FN:8,(anonymous_0)
FN:15,(anonymous_1)
FN:19,before
FN:30,after
FNF:4
FNH:4
FNDA:24,(anonymous_0)
FNDA:24,(anonymous_1)
FNDA:1,before
FNDA:1,after
DA:3,1
DA:4,1
DA:5,1
DA:6,1
DA:8,1
DA:9,24
DA:15,1
DA:16,24
DA:19,1
DA:20,1
DA:21,0
DA:22,0
DA:24,1
DA:25,1
DA:26,1
DA:27,1
DA:30,1
DA:31,1
LF:18
LH:16
BRDA:20,0,0,0
BRDA:20,0,1,1
BRDA:20,1,0,1
BRDA:20,1,1,0
BRF:4
BRH:2
end_of_record
TN:
SF:/Users/jirierhart/Documents/prace/Buddy/buddy/tests/common/chai.js
FNF:0
FNH:0
DA:1,1
DA:2,1
DA:3,1
DA:4,1
DA:6,1
DA:7,1
DA:8,1
DA:10,1
LF:8
LH:8
BRF:0
BRH:0
end_of_record
TN:
SF:/Users/jirierhart/Documents/prace/Buddy/buddy/tests/data/cleaner.js
FN:5,resetDb
FNF:1
FNH:0
FNDA:0,resetDb
DA:1,1
DA:5,1
DA:6,0
LF:3
LH:2
BRF:0
BRH:0
end_of_record
TN:
SF:/Users/jirierhart/Documents/prace/Buddy/buddy/tests/data/enums.js
FN:6,initEnums
FNF:1
FNH:1
FNDA:1,initEnums
DA:1,1
DA:2,1
DA:4,1
DA:7,1
DA:12,1
DA:18,1
DA:23,1
LF:7
LH:7
BRF:0
BRH:0
end_of_record
TN:
SF:/Users/jirierhart/Documents/prace/Buddy/buddy/tests/data/init.js
FN:8,init
FNF:1
FNH:1
FNDA:1,init
DA:1,1
DA:2,1
DA:4,1
DA:6,1
DA:9,1
DA:10,1
DA:11,1
LF:7
LH:7
BRF:0
BRH:0
end_of_record
TN:
SF:/Users/jirierhart/Documents/prace/Buddy/buddy/tests/data/users.js
FN:11,initUsers
FN:85,createUser
FN:95,createAddress
FN:96,(anonymous_3)
FNF:4
FNH:4
FNDA:1,initUsers
FNDA:5,createUser
FNDA:2,createAddress
FNDA:102,(anonymous_3)
DA:1,1
DA:2,1
DA:3,1
DA:4,1
DA:5,1
DA:7,1
DA:9,1
DA:12,1
DA:16,1
DA:24,1
DA:33,1
DA:45,1
DA:57,1
DA:59,1
DA:71,1
DA:73,1
DA:86,5
DA:87,5
DA:88,2
DA:90,5
DA:91,5
DA:92,5
DA:96,102
DA:97,2
DA:105,2
LF:25
LH:25
BRDA:87,0,0,2
BRDA:87,0,1,3
BRDA:95,1,0,0
BRF:3
BRH:2
end_of_record
TN:
SF:/Users/jirierhart/Documents/prace/Buddy/buddy/tests/integration/users.spec.js
FN:12,userAPI
FN:13,before
FN:17,signup
FN:18,before
FN:22,invalidEmail
FN:32,createUser
FN:51,existingEmail
FNF:7
FNH:7
FNDA:1,userAPI
FNDA:1,before
FNDA:1,signup
FNDA:1,before
FNDA:1,invalidEmail
FNDA:1,createUser
FNDA:1,existingEmail
DA:1,1
DA:2,1
DA:3,1
DA:4,1
DA:5,1
DA:6,1
DA:7,1
DA:8,1
DA:9,1
DA:10,1
DA:12,1
DA:13,1
DA:14,1
DA:17,1
DA:18,1
DA:19,1
DA:22,1
DA:23,1
DA:24,1
DA:25,1
DA:32,1
DA:34,1
DA:35,1
DA:37,1
DA:38,1
DA:44,1
DA:45,1
DA:46,1
DA:47,1
DA:48,1
DA:51,1
DA:53,1
DA:58,1
DA:59,1
DA:65,1
DA:66,1
DA:67,1
LF:37
LH:37
BRF:0
BRH:0
end_of_record
TN:
SF:/Users/jirierhart/Documents/prace/Buddy/buddy/tests/integration/utils/helpers.js
FN:6,(anonymous_0)
FN:11,remove
FN:19,(anonymous_2)
FN:24,remove
FN:32,(anonymous_4)
FN:45,(anonymous_5)
FN:46,(anonymous_6)
FN:51,(anonymous_7)
FN:53,(anonymous_8)
FN:54,(anonymous_9)
FN:60,(anonymous_10)
FN:60,(anonymous_11)
FN:61,(anonymous_12)
FNF:13
FNH:1
FNDA:0,(anonymous_0)
FNDA:0,remove
FNDA:0,(anonymous_2)
FNDA:0,remove
FNDA:1,(anonymous_4)
FNDA:0,(anonymous_5)
FNDA:0,(anonymous_6)
FNDA:0,(anonymous_7)
FNDA:0,(anonymous_8)
FNDA:0,(anonymous_9)
FNDA:0,(anonymous_10)
FNDA:0,(anonymous_11)
FNDA:0,(anonymous_12)
DA:1,1
DA:2,1
DA:3,1
DA:4,1
DA:6,1
DA:7,0
DA:8,0
DA:10,0
DA:12,0
DA:13,0
DA:14,0
DA:19,1
DA:20,0
DA:21,0
DA:23,0
DA:25,0
DA:26,0
DA:27,0
DA:32,1
DA:33,1
DA:34,0
DA:37,1
DA:39,1
DA:40,1
DA:42,1
DA:43,1
DA:45,1
DA:46,0
DA:47,0
DA:49,0
DA:51,1
DA:53,1
DA:54,0
DA:55,0
DA:57,0
DA:60,1
DA:61,1
LF:37
LH:18
BRDA:7,0,0,0
BRDA:7,0,1,0
BRDA:12,1,0,0
BRDA:12,1,1,0
BRDA:12,2,0,0
BRDA:12,2,1,0
BRDA:13,3,0,0
BRDA:13,3,1,0
BRDA:20,4,0,0
BRDA:20,4,1,0
BRDA:25,5,0,0
BRDA:25,5,1,0
BRDA:26,6,0,0
BRDA:26,6,1,0
BRDA:33,7,0,0
BRDA:33,7,1,1
BRDA:37,8,0,1
BRDA:37,8,1,1
BRF:18
BRH:3
end_of_record
TN:
SF:/Users/jirierhart/Documents/prace/Buddy/buddy/tests/integration/utils/login.js
FN:9,loginUser
FN:19,loginAdmin
FNF:2
FNH:0
FNDA:0,loginUser
FNDA:0,loginAdmin
DA:1,1
DA:2,1
DA:4,1
DA:10,0
DA:11,0
DA:16,0
DA:20,0
DA:25,0
LF:8
LH:3
BRF:0
BRH:0
end_of_record
TN:
SF:/Users/jirierhart/Documents/prace/Buddy/buddy/tests/unit/common/validation.spec.js
FN:9,(anonymous_0)
FN:10,(anonymous_1)
FN:11,(anonymous_2)
FN:12,(anonymous_3)
FN:18,(anonymous_4)
FN:27,(anonymous_5)
FN:28,(anonymous_6)
FN:35,(anonymous_7)
FN:44,(anonymous_8)
FN:45,(anonymous_9)
FN:52,(anonymous_10)
FN:60,(anonymous_11)
FN:61,(anonymous_12)
FN:73,(anonymous_13)
FN:85,(anonymous_14)
FN:86,(anonymous_15)
FN:93,(anonymous_16)
FN:103,(anonymous_17)
FN:110,(anonymous_18)
FN:117,(anonymous_19)
FN:124,(anonymous_20)
FN:132,(anonymous_21)
FN:133,(anonymous_22)
FN:142,(anonymous_23)
FN:152,(anonymous_24)
FNF:25
FNH:25
FNDA:1,(anonymous_0)
FNDA:1,(anonymous_1)
FNDA:1,(anonymous_2)
FNDA:1,(anonymous_3)
FNDA:1,(anonymous_4)
FNDA:1,(anonymous_5)
FNDA:1,(anonymous_6)
FNDA:1,(anonymous_7)
FNDA:1,(anonymous_8)
FNDA:1,(anonymous_9)
FNDA:1,(anonymous_10)
FNDA:1,(anonymous_11)
FNDA:1,(anonymous_12)
FNDA:1,(anonymous_13)
FNDA:1,(anonymous_14)
FNDA:1,(anonymous_15)
FNDA:1,(anonymous_16)
FNDA:1,(anonymous_17)
FNDA:1,(anonymous_18)
FNDA:1,(anonymous_19)
FNDA:1,(anonymous_20)
FNDA:1,(anonymous_21)
FNDA:1,(anonymous_22)
FNDA:1,(anonymous_23)
FNDA:1,(anonymous_24)
DA:3,1
DA:4,1
DA:5,1
DA:7,1
DA:9,1
DA:10,1
DA:11,1
DA:12,1
DA:13,1
DA:14,1
DA:15,1
DA:16,1
DA:18,1
DA:19,1
DA:20,1
DA:21,1
DA:22,1
DA:23,1
DA:27,1
DA:28,1
DA:29,1
DA:30,1
DA:31,1
DA:32,1
DA:33,1
DA:35,1
DA:36,1
DA:37,1
DA:38,1
DA:39,1
DA:40,1
DA:44,1
DA:45,1
DA:46,1
DA:47,1
DA:48,1
DA:49,1
DA:50,1
DA:52,1
DA:53,1
DA:54,1
DA:55,1
DA:56,1
DA:60,1
DA:61,1
DA:62,1
DA:63,1
DA:64,1
DA:65,1
DA:66,1
DA:67,1
DA:68,1
DA:69,1
DA:70,1
DA:71,1
DA:73,1
DA:74,1
DA:75,1
DA:76,1
DA:77,1
DA:78,1
DA:79,1
DA:80,1
DA:85,1
DA:86,1
DA:88,1
DA:89,256
DA:93,1
DA:94,1
DA:95,1
DA:96,1
DA:97,1
DA:98,1
DA:99,1
DA:100,1
DA:103,1
DA:104,1
DA:105,1
DA:106,1
DA:107,1
DA:110,1
DA:111,1
DA:112,1
DA:113,1
DA:114,1
DA:117,1
DA:118,1
DA:119,1
DA:120,1
DA:121,1
DA:124,1
DA:125,1
DA:126,1
DA:127,1
DA:128,1
DA:132,1
DA:133,1
DA:134,1
DA:142,1
DA:143,1
DA:144,1
DA:145,1
DA:146,0
DA:148,1
DA:152,1
DA:153,1
DA:154,1
LF:107
LH:106
BRF:0
BRH:0
end_of_record
TN:
SF:/Users/jirierhart/Documents/prace/Buddy/buddy/tests/unit/services/abstract.spec.js
FN:5,(anonymous_0)
FN:6,(anonymous_1)
FN:8,(anonymous_2)
FN:17,(anonymous_3)
FN:24,(anonymous_4)
FN:29,(anonymous_5)
FN:31,(anonymous_6)
FN:35,(anonymous_7)
FN:41,(anonymous_8)
FN:43,(anonymous_9)
FN:48,(anonymous_10)
FN:50,(anonymous_11)
FN:59,(anonymous_12)
FN:65,(anonymous_13)
FN:68,(anonymous_14)
FN:73,(anonymous_15)
FN:75,(anonymous_16)
FN:84,(anonymous_17)
FN:90,(anonymous_18)
FN:93,(anonymous_19)
FNF:20
FNH:14
FNDA:1,(anonymous_0)
FNDA:1,(anonymous_1)
FNDA:1,(anonymous_2)
FNDA:1,(anonymous_3)
FNDA:1,(anonymous_4)
FNDA:1,(anonymous_5)
FNDA:1,(anonymous_6)
FNDA:0,(anonymous_7)
FNDA:0,(anonymous_8)
FNDA:1,(anonymous_9)
FNDA:1,(anonymous_10)
FNDA:1,(anonymous_11)
FNDA:0,(anonymous_12)
FNDA:0,(anonymous_13)
FNDA:1,(anonymous_14)
FNDA:1,(anonymous_15)
FNDA:1,(anonymous_16)
FNDA:0,(anonymous_17)
FNDA:0,(anonymous_18)
FNDA:1,(anonymous_19)
DA:1,1
DA:2,1
DA:3,1
DA:5,1
DA:6,1
DA:7,1
DA:9,1
DA:18,1
DA:21,1
DA:22,1
DA:23,1
DA:25,1
DA:29,1
DA:30,1
DA:32,1
DA:36,0
DA:39,1
DA:40,1
DA:42,0
DA:44,1
DA:48,1
DA:49,1
DA:51,1
DA:60,0
DA:63,1
DA:64,1
DA:66,0
DA:69,1
DA:73,1
DA:74,1
DA:76,1
DA:85,0
DA:88,1
DA:89,1
DA:91,0
DA:94,1
LF:36
LH:30
BRF:0
BRH:0
end_of_record
TN:
SF:/Users/jirierhart/Documents/prace/Buddy/buddy/tests/unit/services/transactional.spec.js
FN:5,(anonymous_0)
FN:6,(anonymous_1)
FN:8,(anonymous_2)
FN:17,(anonymous_3)
FN:24,(anonymous_4)
FNF:5
FNH:5
FNDA:1,(anonymous_0)
FNDA:1,(anonymous_1)
FNDA:1,(anonymous_2)
FNDA:1,(anonymous_3)
FNDA:1,(anonymous_4)
DA:1,1
DA:3,1
DA:5,1
DA:6,1
DA:7,1
DA:9,1
DA:18,1
DA:21,1
DA:22,1
DA:23,1
DA:25,1
LF:11
LH:11
BRF:0
BRH:0
end_of_record
